d:\wyf\c++\scheduling-system\scheduling-system\scheduling-system\debug\enroll.obj
d:\wyf\c++\scheduling-system\scheduling-system\scheduling-system\debug\main.obj
d:\wyf\c++\scheduling-system\scheduling-system\scheduling-system\debug\login.obj
d:\wyf\c++\scheduling-system\scheduling-system\scheduling-system\debug\schedulingsystem.obj
d:\wyf\c++\scheduling-system\scheduling-system\scheduling-system\debug\moc_schedulingsystem.obj
d:\wyf\c++\scheduling-system\scheduling-system\scheduling-system\debug\moc_enroll.obj
d:\wyf\c++\scheduling-system\scheduling-system\scheduling-system\debug\moc_login.obj
d:\wyf\c++\scheduling-system\scheduling-system\scheduling-system\debug\credit.obj
d:\wyf\c++\scheduling-system\scheduling-system\scheduling-system\debug\vc142.pdb
d:\wyf\c++\scheduling-system\scheduling-system\scheduling-system\debug\moc_credit.obj
d:\wyf\c++\scheduling-system\scheduling-system\scheduling-system\debug\qrc_res.obj
d:\wyf\c++\scheduling-system\scheduling-system\scheduling-system\debug\init_project.obj
d:\wyf\c++\scheduling-system\scheduling-system\scheduling-system\debug\addcourse.obj
d:\wyf\c++\scheduling-system\scheduling-system\scheduling-system\debug\moc_addcourse.obj
d:\wyf\c++\scheduling-system\scheduling-system\scheduling-system\debug\moc_init_project.obj
d:\wyf\c++\scheduling-system\scheduling-system\debug\scheduling-system.ilk
d:\wyf\c++\scheduling-system\scheduling-system\debug\scheduling-system.exe
d:\wyf\c++\scheduling-system\scheduling-system\debug\scheduling-system.pdb
d:\wyf\c++\scheduling-system\scheduling-system\scheduling-system\debug\moc\moc_init_project.cpp
d:\wyf\c++\scheduling-system\scheduling-system\scheduling-system\debug\rcc\qrc_res.cpp
d:\wyf\c++\scheduling-system\scheduling-system\scheduling-system\debug\uic\ui_enroll.h
d:\wyf\c++\scheduling-system\scheduling-system\scheduling-system\debug\uic\ui_login.h
d:\wyf\c++\scheduling-system\scheduling-system\scheduling-system\debug\uic\ui_schedulingsystem.h
d:\wyf\c++\scheduling-system\scheduling-system\scheduling-system\debug\moc\moc_schedulingsystem.cpp
d:\wyf\c++\scheduling-system\scheduling-system\scheduling-system\debug\moc\moc_enroll.cpp
d:\wyf\c++\scheduling-system\scheduling-system\scheduling-system\debug\moc\moc_login.cpp
d:\wyf\c++\scheduling-system\scheduling-system\scheduling-system\debug\uic\ui_credit.h
d:\wyf\c++\scheduling-system\scheduling-system\scheduling-system\debug\moc\moc_credit.cpp
d:\wyf\c++\scheduling-system\scheduling-system\scheduling-system\debug\uic\ui_addcourse.h
d:\wyf\c++\scheduling-system\scheduling-system\scheduling-system\debug\uic\ui_init_project.h
d:\wyf\c++\scheduling-system\scheduling-system\scheduling-system\debug\moc\moc_addcourse.cpp
d:\wyf\c++\scheduling-system\scheduling-system\scheduling-system\debug\scheduli.a3faf2d1.tlog\cl.command.1.tlog
d:\wyf\c++\scheduling-system\scheduling-system\scheduling-system\debug\scheduli.a3faf2d1.tlog\cl.read.1.tlog
d:\wyf\c++\scheduling-system\scheduling-system\scheduling-system\debug\scheduli.a3faf2d1.tlog\cl.write.1.tlog
d:\wyf\c++\scheduling-system\scheduling-system\scheduling-system\debug\scheduli.a3faf2d1.tlog\link.command.1.tlog
d:\wyf\c++\scheduling-system\scheduling-system\scheduling-system\debug\scheduli.a3faf2d1.tlog\link.read.1.tlog
d:\wyf\c++\scheduling-system\scheduling-system\scheduling-system\debug\scheduli.a3faf2d1.tlog\link.write.1.tlog
d:\wyf\c++\scheduling-system\scheduling-system\scheduling-system\debug\scheduli.a3faf2d1.tlog\moc.read.1u.tlog
d:\wyf\c++\scheduling-system\scheduling-system\scheduling-system\debug\scheduli.a3faf2d1.tlog\moc.write.1u.tlog
d:\wyf\c++\scheduling-system\scheduling-system\scheduling-system\debug\scheduli.a3faf2d1.tlog\rcc.read.1u.tlog
d:\wyf\c++\scheduling-system\scheduling-system\scheduling-system\debug\scheduli.a3faf2d1.tlog\rcc.write.1u.tlog
d:\wyf\c++\scheduling-system\scheduling-system\scheduling-system\debug\scheduli.a3faf2d1.tlog\scheduling-system.write.1u.tlog
d:\wyf\c++\scheduling-system\scheduling-system\scheduling-system\debug\scheduli.a3faf2d1.tlog\uic.read.1u.tlog
d:\wyf\c++\scheduling-system\scheduling-system\scheduling-system\debug\scheduli.a3faf2d1.tlog\uic.write.1u.tlog
